======================================================================
[15/10/28@22:30:37.309+0100] P-013251 T-Main   1 --- --- ./asdemo.broker.log opened.
[15/10/28@22:30:37.310+0100] P-013251 T-Main   1 --- --- Logging level set to = 2
[15/10/28@22:30:37.310+0100] P-013251 T-Main   1 --- --- Log entry types activated: UBroker.Basic,
[15/10/28@22:30:37.315+0100] P-013251 T-Main   2 UB Basic      ubroker version: v11.5.0 (06-Dec-2014) (8038)
[15/10/28@22:30:37.332+0100] P-013251 T-L-20000 2 UB Basic      Started listener thread: L-20000 (8043)
[15/10/28@22:30:37.352+0100] P-013251 T-L-20000 2 UB Basic      Starting 5 server threads ... (8053)
[15/10/28@22:30:37.356+0100] P-013251 T-S-0001 2 UB Basic      Started server thread: S-0001. (8101)
[15/10/28@22:30:37.457+0100] P-013251 T-S-0002 2 UB Basic      Started server thread: S-0002. (8101)
[15/10/28@22:30:37.557+0100] P-013251 T-S-0003 2 UB Basic      Started server thread: S-0003. (8101)
[15/10/28@22:30:37.657+0100] P-013251 T-S-0004 2 UB Basic      Started server thread: S-0004. (8101)
[15/10/28@22:30:37.757+0100] P-013251 T-S-0005 2 UB Basic      Started server thread: S-0005. (8101)
[15/10/28@22:30:37.861+0100] P-013251 T-S-0001 2 UB Basic      Started server: /usr/dlc/bin/_proapsv -logginglevel 2 -logfile ./asdemo.server.log -ubpid 13251 -Ms 1 -logname asdemo -logentrytypes ASPlumbing,DB.Connects -logthreshold 0 -numlogfiles 3 -ASID 1 -ubpropfile /usr/dlc/properties/ubroker.properties -svrefresh  -ipver IPv4  (8108)
[15/10/28@22:30:37.872+0100] P-013251 T-S-0001 2 UB Basic      Server Port = 2002 PID = 13334. (8114)
[15/10/28@22:30:37.960+0100] P-013251 T-S-0002 2 UB Basic      Started server: /usr/dlc/bin/_proapsv -logginglevel 2 -logfile ./asdemo.server.log -ubpid 13251 -Ms 1 -logname asdemo -logentrytypes ASPlumbing,DB.Connects -logthreshold 0 -numlogfiles 3 -ASID 2 -ubpropfile /usr/dlc/properties/ubroker.properties -svrefresh  -ipver IPv4  (8108)
[15/10/28@22:30:37.971+0100] P-013251 T-S-0002 2 UB Basic      Server Port = 2003 PID = 13357. (8114)
[15/10/28@22:30:38.060+0100] P-013251 T-S-0003 2 UB Basic      Started server: /usr/dlc/bin/_proapsv -logginglevel 2 -logfile ./asdemo.server.log -ubpid 13251 -Ms 1 -logname asdemo -logentrytypes ASPlumbing,DB.Connects -logthreshold 0 -numlogfiles 3 -ASID 3 -ubpropfile /usr/dlc/properties/ubroker.properties -svrefresh  -ipver IPv4  (8108)
[15/10/28@22:30:38.071+0100] P-013251 T-S-0003 2 UB Basic      Server Port = 2004 PID = 13363. (8114)
[15/10/28@22:30:38.160+0100] P-013251 T-S-0004 2 UB Basic      Started server: /usr/dlc/bin/_proapsv -logginglevel 2 -logfile ./asdemo.server.log -ubpid 13251 -Ms 1 -logname asdemo -logentrytypes ASPlumbing,DB.Connects -logthreshold 0 -numlogfiles 3 -ASID 4 -ubpropfile /usr/dlc/properties/ubroker.properties -svrefresh  -ipver IPv4  (8108)
[15/10/28@22:30:38.171+0100] P-013251 T-S-0004 2 UB Basic      Server Port = 2005 PID = 13365. (8114)
[15/10/28@22:30:38.260+0100] P-013251 T-S-0005 2 UB Basic      Started server: /usr/dlc/bin/_proapsv -logginglevel 2 -logfile ./asdemo.server.log -ubpid 13251 -Ms 1 -logname asdemo -logentrytypes ASPlumbing,DB.Connects -logthreshold 0 -numlogfiles 3 -ASID 5 -ubpropfile /usr/dlc/properties/ubroker.properties -svrefresh  -ipver IPv4  (8108)
[15/10/28@22:30:38.271+0100] P-013251 T-S-0005 2 UB Basic      Server Port = 2006 PID = 13376. (8114)
[15/10/28@22:30:38.365+0100] P-013251 T-NameServer 2 UB Basic      Broker registered with NameServer. (8556)
[15/10/28@22:37:56.917+0100] P-013251 T-C-0001 2 UB Basic      ConnectionID= 5.9.13.168::asdemo::20000::f653f43df3f8966b:1db8952b:150b05c162f:-7fec. (8096)
[15/10/28@22:37:56.917+0100] P-013251 T-C-0001 2 UB Basic      Client connected : 127.0.0.1. (8533)
[15/10/28@22:37:56.948+0100] P-013251 T-C-0001 2 UB Basic      Client disconnected : 127.0.0.1. (8534)
[15/10/28@22:40:25.877+0100] P-013251 T-C-0001 2 UB Basic      ConnectionID= 5.9.13.168::asdemo::20000::f653f43df3f8966b:1db8952b:150b05c162f:-7fdd. (8096)
[15/10/28@22:40:25.877+0100] P-013251 T-C-0001 2 UB Basic      Client connected : 127.0.0.1. (8533)
[15/10/28@22:40:25.884+0100] P-013251 T-C-0001 2 UB Basic      Client disconnected : 127.0.0.1. (8534)
[15/10/28@22:50:38.608+0100] P-013251 T-C-0001 2 UB Basic      ConnectionID= 5.9.13.168::asdemo::20000::f653f43df3f8966b:1db8952b:150b05c162f:-7fc8. (8096)
[15/10/28@22:50:38.609+0100] P-013251 T-C-0001 2 UB Basic      Client connected : 127.0.0.1. (8533)
[15/10/28@22:50:38.615+0100] P-013251 T-C-0001 2 UB Basic      Client disconnected : 127.0.0.1. (8534)
[15/10/28@23:00:38.361+0100] P-013251 T-serverWatchdog 2 UB Basic      Shutdown requested: S-0001 ... (8051)
[15/10/28@23:00:38.363+0100] P-013251 T-serverWatchdog 2 UB Basic      Shutdown requested: S-0002 ... (8051)
[15/10/28@23:00:38.364+0100] P-013251 T-serverWatchdog 2 UB Basic      Shutdown requested: S-0003 ... (8051)
[15/10/28@23:00:38.365+0100] P-013251 T-serverWatchdog 2 UB Basic      Shutdown requested: S-0004 ... (8051)
[15/10/29@14:32:07.588+0100] P-013251 T-C-0001 2 UB Basic      ConnectionID= 5.9.13.168::asdemo::20000::f653f43df3f8966b:1db8952b:150b05c162f:-7d73. (8096)
[15/10/29@14:32:07.589+0100] P-013251 T-C-0001 2 UB Basic      Client connected : 127.0.0.1. (8533)
[15/10/29@14:32:07.611+0100] P-013251 T-C-0001 2 UB Basic      Client disconnected : 127.0.0.1. (8534)
[15/10/29@14:32:21.863+0100] P-013251 T-C-0001 2 UB Basic      ConnectionID= 5.9.13.168::asdemo::20000::f653f43df3f8966b:1db8952b:150b05c162f:-7d64. (8096)
[15/10/29@14:32:21.864+0100] P-013251 T-C-0001 2 UB Basic      Client connected : 127.0.0.1. (8533)
[15/10/29@14:32:21.869+0100] P-013251 T-C-0001 2 UB Basic      Client disconnected : 127.0.0.1. (8534)
[15/10/29@14:32:53.680+0100] P-013251 T-C-0001 2 UB Basic      ConnectionID= 5.9.13.168::asdemo::20000::f653f43df3f8966b:1db8952b:150b05c162f:-7d54. (8096)
[15/10/29@14:32:53.680+0100] P-013251 T-C-0001 2 UB Basic      Client connected : 5.9.13.168. (8533)
[15/10/29@14:32:53.685+0100] P-013251 T-C-0001 2 UB Basic      Client disconnected : 5.9.13.168. (8534)
[15/10/30@19:14:36.538+0100] P-013251 T-L-20000 2 UB Basic      Processing shutdown request ... (8049)
[15/10/30@19:14:36.538+0100] P-013251 T-L-20000 2 UB Basic      Shutdown requested: S-0005 ... (8051)
[15/10/30@19:14:37.540+0100] P-013251 T-Main   2 UB Basic      ubroker v11.5.0 (06-Dec-2014) done. (8041)
[15/10/30@19:14:37.540+0100] P-013251 T-Main   1 --- --- Log Closed
======================================================================
[15/10/30@19:14:40.198+0100] P-011259 T-Main   1 --- --- ./asdemo.broker.log opened.
[15/10/30@19:14:40.198+0100] P-011259 T-Main   1 --- --- Logging level set to = 2
[15/10/30@19:14:40.198+0100] P-011259 T-Main   1 --- --- Log entry types activated: UBroker.Basic,
[15/10/30@19:14:40.204+0100] P-011259 T-Main   2 UB Basic      ubroker version: v11.5.0 (06-Dec-2014) (8038)
[15/10/30@19:14:40.217+0100] P-011259 T-L-20000 2 UB Basic      Started listener thread: L-20000 (8043)
[15/10/30@19:14:40.237+0100] P-011259 T-L-20000 2 UB Basic      Starting 5 server threads ... (8053)
[15/10/30@19:14:40.241+0100] P-011259 T-S-0001 2 UB Basic      Started server thread: S-0001. (8101)
[15/10/30@19:14:40.342+0100] P-011259 T-S-0002 2 UB Basic      Started server thread: S-0002. (8101)
[15/10/30@19:14:40.442+0100] P-011259 T-S-0003 2 UB Basic      Started server thread: S-0003. (8101)
[15/10/30@19:14:40.542+0100] P-011259 T-S-0004 2 UB Basic      Started server thread: S-0004. (8101)
[15/10/30@19:14:40.642+0100] P-011259 T-S-0005 2 UB Basic      Started server thread: S-0005. (8101)
[15/10/30@19:14:40.746+0100] P-011259 T-S-0001 2 UB Basic      Started server: /usr/dlc/bin/_proapsv -logginglevel 2 -logfile ./asdemo.server.log -ubpid 11259 -Ms 1 -logname asdemo -logentrytypes ASPlumbing,DB.Connects -logthreshold 0 -numlogfiles 3 -ASID 1 -ubpropfile /usr/dlc/properties/ubroker.properties -svrefresh  -ipver IPv4  (8108)
[15/10/30@19:14:40.756+0100] P-011259 T-S-0001 2 UB Basic      Server Port = 2002 PID = 11290. (8114)
[15/10/30@19:14:40.845+0100] P-011259 T-S-0002 2 UB Basic      Started server: /usr/dlc/bin/_proapsv -logginglevel 2 -logfile ./asdemo.server.log -ubpid 11259 -Ms 1 -logname asdemo -logentrytypes ASPlumbing,DB.Connects -logthreshold 0 -numlogfiles 3 -ASID 2 -ubpropfile /usr/dlc/properties/ubroker.properties -svrefresh  -ipver IPv4  (8108)
[15/10/30@19:14:40.855+0100] P-011259 T-S-0002 2 UB Basic      Server Port = 2003 PID = 11292. (8114)
[15/10/30@19:14:40.945+0100] P-011259 T-S-0003 2 UB Basic      Started server: /usr/dlc/bin/_proapsv -logginglevel 2 -logfile ./asdemo.server.log -ubpid 11259 -Ms 1 -logname asdemo -logentrytypes ASPlumbing,DB.Connects -logthreshold 0 -numlogfiles 3 -ASID 3 -ubpropfile /usr/dlc/properties/ubroker.properties -svrefresh  -ipver IPv4  (8108)
[15/10/30@19:14:40.955+0100] P-011259 T-S-0003 2 UB Basic      Server Port = 2004 PID = 11294. (8114)
[15/10/30@19:14:41.045+0100] P-011259 T-S-0004 2 UB Basic      Started server: /usr/dlc/bin/_proapsv -logginglevel 2 -logfile ./asdemo.server.log -ubpid 11259 -Ms 1 -logname asdemo -logentrytypes ASPlumbing,DB.Connects -logthreshold 0 -numlogfiles 3 -ASID 4 -ubpropfile /usr/dlc/properties/ubroker.properties -svrefresh  -ipver IPv4  (8108)
[15/10/30@19:14:41.055+0100] P-011259 T-S-0004 2 UB Basic      Server Port = 2005 PID = 11296. (8114)
[15/10/30@19:14:41.145+0100] P-011259 T-S-0005 2 UB Basic      Started server: /usr/dlc/bin/_proapsv -logginglevel 2 -logfile ./asdemo.server.log -ubpid 11259 -Ms 1 -logname asdemo -logentrytypes ASPlumbing,DB.Connects -logthreshold 0 -numlogfiles 3 -ASID 5 -ubpropfile /usr/dlc/properties/ubroker.properties -svrefresh  -ipver IPv4  (8108)
[15/10/30@19:14:41.155+0100] P-011259 T-S-0005 2 UB Basic      Server Port = 2006 PID = 11298. (8114)
[15/10/30@19:14:41.250+0100] P-011259 T-NameServer 2 UB Basic      Broker registered with NameServer. (8556)
[15/10/30@19:44:41.245+0100] P-011259 T-serverWatchdog 2 UB Basic      Shutdown requested: S-0001 ... (8051)
[15/10/30@19:44:41.247+0100] P-011259 T-serverWatchdog 2 UB Basic      Shutdown requested: S-0002 ... (8051)
[15/10/30@19:44:41.248+0100] P-011259 T-serverWatchdog 2 UB Basic      Shutdown requested: S-0003 ... (8051)
[15/10/30@19:44:41.250+0100] P-011259 T-serverWatchdog 2 UB Basic      Shutdown requested: S-0004 ... (8051)
[15/11/04@11:21:23.922+0100] P-011259 T-C-0001 2 UB Basic      ConnectionID= 5.9.13.168::asdemo::20000::c11c0bc614d2799b:-64c22164:150b9f56872:-6fc0. (8096)
[15/11/04@11:21:23.923+0100] P-011259 T-C-0001 2 UB Basic      Client connected : 89.248.171.137. (8533)
[15/11/04@11:21:23.983+0100] P-011259 T-C-0001 2 UB Basic      Client disconnected : 89.248.171.137. (8534)
