[15/10/28@22:30:37.871+0100] P-013334 T-339683200 1 AS -- Logging level set to = 2
[15/10/28@22:30:37.871+0100] P-013334 T-339683200 1 AS -- Log entry types activated: ASPlumbing,DB.Connects
[15/10/28@22:30:37.871+0100] P-013334 T-339683200 2 AS AS Starting application server for asdemo. (5560)
[15/10/28@22:30:37.871+0100] P-013334 T-339683200 2 AS AS Application Server Startup. (5473)
[15/10/28@22:30:37.971+0100] P-013357 T-1086953344 1 AS -- Logging level set to = 2
[15/10/28@22:30:37.971+0100] P-013357 T-1086953344 1 AS -- Log entry types activated: ASPlumbing,DB.Connects
[15/10/28@22:30:37.971+0100] P-013357 T-1086953344 2 AS AS Starting application server for asdemo. (5560)
[15/10/28@22:30:37.971+0100] P-013357 T-1086953344 2 AS AS Application Server Startup. (5473)
[15/10/28@22:30:38.071+0100] P-013363 T-4291258240 1 AS -- Logging level set to = 2
[15/10/28@22:30:38.071+0100] P-013363 T-4291258240 1 AS -- Log entry types activated: ASPlumbing,DB.Connects
[15/10/28@22:30:38.071+0100] P-013363 T-4291258240 2 AS AS Starting application server for asdemo. (5560)
[15/10/28@22:30:38.071+0100] P-013363 T-4291258240 2 AS AS Application Server Startup. (5473)
[15/10/28@22:30:38.171+0100] P-013365 T-2694530944 1 AS -- Logging level set to = 2
[15/10/28@22:30:38.171+0100] P-013365 T-2694530944 1 AS -- Log entry types activated: ASPlumbing,DB.Connects
[15/10/28@22:30:38.171+0100] P-013365 T-2694530944 2 AS AS Starting application server for asdemo. (5560)
[15/10/28@22:30:38.171+0100] P-013365 T-2694530944 2 AS AS Application Server Startup. (5473)
[15/10/28@22:30:38.271+0100] P-013376 T-2170210176 1 AS -- Logging level set to = 2
[15/10/28@22:30:38.271+0100] P-013376 T-2170210176 1 AS -- Log entry types activated: ASPlumbing,DB.Connects
[15/10/28@22:30:38.271+0100] P-013376 T-2170210176 2 AS AS Starting application server for asdemo. (5560)
[15/10/28@22:30:38.271+0100] P-013376 T-2170210176 2 AS AS Application Server Startup. (5473)
[15/10/28@23:00:38.362+0100] P-013334 T-339683200 2 AS AS Shutdown request received. (5465)
[15/10/28@23:00:38.363+0100] P-013334 T-339683200 2 AS AS Application Server Shutdown. (5476)
[15/10/28@23:00:38.364+0100] P-013357 T-1086953344 2 AS AS Shutdown request received. (5465)
[15/10/28@23:00:38.365+0100] P-013357 T-1086953344 2 AS AS Application Server Shutdown. (5476)
[15/10/28@23:00:38.365+0100] P-013363 T-4291258240 2 AS AS Shutdown request received. (5465)
[15/10/28@23:00:38.366+0100] P-013363 T-4291258240 2 AS AS Application Server Shutdown. (5476)
[15/10/28@23:00:38.366+0100] P-013365 T-2694530944 2 AS AS Shutdown request received. (5465)
[15/10/28@23:00:38.367+0100] P-013365 T-2694530944 2 AS AS Application Server Shutdown. (5476)
[15/10/30@19:14:36.539+0100] P-013376 T-2170210176 2 AS AS Shutdown request received. (5465)
[15/10/30@19:14:36.539+0100] P-013376 T-2170210176 2 AS AS Application Server Shutdown. (5476)
[15/10/30@19:14:40.756+0100] P-011290 T-443021184 1 AS -- Logging level set to = 2
[15/10/30@19:14:40.756+0100] P-011290 T-443021184 1 AS -- Log entry types activated: ASPlumbing,DB.Connects
[15/10/30@19:14:40.756+0100] P-011290 T-443021184 2 AS AS Starting application server for asdemo. (5560)
[15/10/30@19:14:40.756+0100] P-011290 T-443021184 2 AS AS Application Server Startup. (5473)
[15/10/30@19:14:40.855+0100] P-011292 T-3253643136 1 AS -- Logging level set to = 2
[15/10/30@19:14:40.855+0100] P-011292 T-3253643136 1 AS -- Log entry types activated: ASPlumbing,DB.Connects
[15/10/30@19:14:40.855+0100] P-011292 T-3253643136 2 AS AS Starting application server for asdemo. (5560)
[15/10/30@19:14:40.855+0100] P-011292 T-3253643136 2 AS AS Application Server Startup. (5473)
[15/10/30@19:14:40.955+0100] P-011294 T-35309440 1 AS -- Logging level set to = 2
[15/10/30@19:14:40.955+0100] P-011294 T-35309440 1 AS -- Log entry types activated: ASPlumbing,DB.Connects
[15/10/30@19:14:40.955+0100] P-011294 T-35309440 2 AS AS Starting application server for asdemo. (5560)
[15/10/30@19:14:40.955+0100] P-011294 T-35309440 2 AS AS Application Server Startup. (5473)
[15/10/30@19:14:41.055+0100] P-011296 T-3704612736 1 AS -- Logging level set to = 2
[15/10/30@19:14:41.055+0100] P-011296 T-3704612736 1 AS -- Log entry types activated: ASPlumbing,DB.Connects
[15/10/30@19:14:41.055+0100] P-011296 T-3704612736 2 AS AS Starting application server for asdemo. (5560)
[15/10/30@19:14:41.055+0100] P-011296 T-3704612736 2 AS AS Application Server Startup. (5473)
[15/10/30@19:14:41.155+0100] P-011298 T-3943630720 1 AS -- Logging level set to = 2
[15/10/30@19:14:41.155+0100] P-011298 T-3943630720 1 AS -- Log entry types activated: ASPlumbing,DB.Connects
[15/10/30@19:14:41.155+0100] P-011298 T-3943630720 2 AS AS Starting application server for asdemo. (5560)
[15/10/30@19:14:41.155+0100] P-011298 T-3943630720 2 AS AS Application Server Startup. (5473)
[15/10/30@19:44:41.247+0100] P-011290 T-443021184 2 AS AS Shutdown request received. (5465)
[15/10/30@19:44:41.247+0100] P-011290 T-443021184 2 AS AS Application Server Shutdown. (5476)
[15/10/30@19:44:41.248+0100] P-011292 T-3253643136 2 AS AS Shutdown request received. (5465)
[15/10/30@19:44:41.249+0100] P-011292 T-3253643136 2 AS AS Application Server Shutdown. (5476)
[15/10/30@19:44:41.249+0100] P-011294 T-35309440 2 AS AS Shutdown request received. (5465)
[15/10/30@19:44:41.250+0100] P-011294 T-35309440 2 AS AS Application Server Shutdown. (5476)
[15/10/30@19:44:41.251+0100] P-011296 T-3704612736 2 AS AS Shutdown request received. (5465)
[15/10/30@19:44:41.251+0100] P-011296 T-3704612736 2 AS AS Application Server Shutdown. (5476)
[15/11/04@18:22:06.965+0100] P-011298 T-3943630720 1 AS -- PROGRESS AppServer network protocol mismatch. (5565)
[15/11/04@18:22:07.169+0100] P-011298 T-3943630720 1 AS -- PROGRESS AppServer network protocol mismatch. (5565)
[15/11/04@18:22:07.378+0100] P-011298 T-3943630720 1 AS -- PROGRESS AppServer network protocol mismatch. (5565)
