Thursday, October 29, 2015 14:51:48 - info: Starting broker: sports...
Thursday, October 29, 2015 14:51:48 - warn: AGT[8219] Web source path not defined [16]
Thursday, October 29, 2015 14:51:48 - warn: AGT[8219] License file not found(start.p) [17]
Thursday, October 29, 2015 14:51:48 - warn: AGT[8220] Web source path not defined [16]
Thursday, October 29, 2015 14:51:48 - info: Broker listening on port 20001 [8210].
Thursday, October 29, 2015 14:51:48 - warn: AGT[8220] License file not found(start.p) [17]
Thursday, October 29, 2015 14:51:48 - info: AGT[8219] Agent started(49276) [201]
Thursday, October 29, 2015 14:51:48 - info: AGT[8220] Agent started(59458) [201]
Thursday, October 29, 2015 14:52:07 - warn: Input stream closed.
Thursday, October 29, 2015 14:54:53 - info: Starting broker: sports...
Thursday, October 29, 2015 14:54:53 - info: Broker already running with pid: 8210.
Thursday, October 29, 2015 14:56:00 - info: Shutdown admin request received.
Thursday, October 29, 2015 14:56:58 - info: Starting broker: sports...
Thursday, October 29, 2015 14:56:59 - warn: AGT[9292] Web source path not defined [16]
Thursday, October 29, 2015 14:56:59 - warn: AGT[9293] Web source path not defined [16]
Thursday, October 29, 2015 14:56:59 - info: Broker listening on port 20001 [9283].
Thursday, October 29, 2015 14:56:59 - info: AGT[9292] Agent started(47427) [201]
Thursday, October 29, 2015 14:56:59 - info: AGT[9293] Agent started(60812) [201]
Thursday, October 29, 2015 14:57:33 - info: Shutdown admin request received.
Thursday, October 29, 2015 14:57:36 - info: Starting broker: sports...
Thursday, October 29, 2015 14:57:36 - warn: AGT[9458] Web source path not defined [16]
Thursday, October 29, 2015 14:57:36 - warn: AGT[9459] Web source path not defined [16]
Thursday, October 29, 2015 14:57:36 - info: Broker listening on port 20001 [9449].
Thursday, October 29, 2015 14:57:36 - info: AGT[9458] Agent started(51858) [201]
Thursday, October 29, 2015 14:57:36 - info: AGT[9459] Agent started(51872) [201]
Thursday, October 29, 2015 14:58:53 - info: AGT[9458] Client request(Read complete: 1 of 0) [211]
Thursday, October 29, 2015 14:59:52 - warn: Input stream closed.
Thursday, October 29, 2015 14:59:52 - warn: AGT[9458] Client API connection disconnected without being closed.
Thursday, October 29, 2015 14:59:53 - info: AGT[9459] Client request(Read complete: 1 of 0)
Thursday, October 29, 2015 15:00:21 - info: Shutdown admin request received.
Thursday, October 29, 2015 15:00:40 - info: Starting broker: sports...
Thursday, October 29, 2015 15:00:40 - warn: AGT[10147] Web source path not defined [16]
Thursday, October 29, 2015 15:00:40 - warn: AGT[10148] Web source path not defined [16]
Thursday, October 29, 2015 15:00:40 - info: Broker listening on port 20001 [10138].
Thursday, October 29, 2015 15:00:40 - info: AGT[10147] Agent started(54509) [201]
Thursday, October 29, 2015 15:00:40 - info: AGT[10148] Agent started(56127) [201]
Thursday, October 29, 2015 15:00:58 - info: AGT[10147] Client request(Read complete: 1 of 0) [2
Thursday, October 29, 2015 15:01:59 - warn: Input stream closed.
Thursday, October 29, 2015 15:01:59 - warn: AGT[10147] Client API connection disconnected without being closed.
Thursday, October 29, 2015 15:01:59 - info: AGT[10148] Client request(Read complete: 1 of 0) [211]
Thursday, October 29, 2015 15:02:12 - warn: Input stream closed.
Thursday, October 29, 2015 15:02:12 - warn: AGT[10148] Client API connection disconnected without being closed.
Thursday, October 29, 2015 15:02:13 - info: AGT[10147] Client request(Read complete: 1 of 0) 
Thursday, October 29, 2015 15:04:18 - warn: Input stream closed.
Thursday, October 29, 2015 15:04:18 - warn: AGT[10147] Client API connection disconnected without being closed.
Thursday, October 29, 2015 15:04:20 - info: AGT[10148] Client request(Read complete: 1 of 0) [2
Thursday, October 29, 2015 15:04:58 - warn: Input stream closed.
Thursday, October 29, 2015 15:04:58 - warn: AGT[10148] Client API connection disconnected without being closed.
Thursday, October 29, 2015 15:05:14 - info: AGT[10147] Client request(Read complete: 1 of 0)
Thursday, October 29, 2015 15:07:28 - warn: Input stream closed.
Thursday, October 29, 2015 15:07:28 - warn: AGT[10147] Client API connection disconnected without being closed.
Thursday, October 29, 2015 15:07:42 - info: AGT[10148] Client request(Read complete: 1 of 0) [211]
Thursday, October 29, 2015 15:07:54 - warn: Input stream closed.
Thursday, October 29, 2015 15:07:54 - warn: AGT[10148] Client API connection disconnected without being closed.
Thursday, October 29, 2015 15:09:28 - info: AGT[10147] Client request(Read complete: 1 of 0) [
Thursday, October 29, 2015 15:09:34 - warn: Input stream closed.
Thursday, October 29, 2015 15:09:34 - warn: AGT[10147] Client API connection disconnected without being closed.
Thursday, October 29, 2015 15:10:40 - info: AGT[10148] Client request(Read complete: 1 of 0) [211]
Thursday, October 29, 2015 15:15:27 - warn: Input stream closed.
Thursday, October 29, 2015 15:15:27 - warn: AGT[10148] Client API connection disconnected without being closed.
Thursday, October 29, 2015 15:17:47 - info: AGT[10147] Client request(Read complete: 1 of 0) [211]
Thursday, October 29, 2015 15:18:06 - info: Pre-start a new agent because of high load.
Thursday, October 29, 2015 15:18:06 - info: AGT[10148] Client request(Read complete: 1 of 0) [211]
Thursday, October 29, 2015 15:18:06 - warn: AGT[13910] Web source path not defined [16]
Thursday, October 29, 2015 15:18:06 - info: AGT[13910] Agent started(53182) [201]
Thursday, October 29, 2015 15:18:49 - warn: Input stream closed.
Thursday, October 29, 2015 15:18:49 - warn: AGT[10148] Client API connection disconnected without being closed.
Thursday, October 29, 2015 15:18:49 - warn: Input stream closed.
Thursday, October 29, 2015 15:18:49 - warn: AGT[10147] Client API connection disconnected without being closed.
Thursday, October 29, 2015 15:18:57 - info: AGT[13910] Client request(Read complete: 1 o
Thursday, October 29, 2015 15:20:10 - warn: Input stream closed.
Thursday, October 29, 2015 15:20:10 - warn: AGT[13910] Client API connection disconnected without being closed.
Thursday, October 29, 2015 15:20:17 - info: AGT[10148] Client request(Read complete: 1 of 0) [211]
Thursday, October 29, 2015 15:21:06 - info: AGT[10147] Client request(Read complete: 1 of 0) [211]
Thursday, October 29, 2015 15:21:27 - warn: Input stream closed.
Thursday, October 29, 2015 15:21:27 - warn: AGT[10147] Client API connection disconnected without being closed.
Thursday, October 29, 2015 15:21:53 - warn: Input stream closed.
Thursday, October 29, 2015 15:21:53 - warn: AGT[10148] Client API connection disconnected without being closed.
Thursday, October 29, 2015 15:21:58 - info: AGT[13910] Client request(Read complete: 1 of 0) [
Thursday, October 29, 2015 15:22:01 - warn: Input stream closed.
Thursday, October 29, 2015 15:22:01 - warn: AGT[13910] Client API connection disconnected without being closed.
Thursday, October 29, 2015 15:22:10 - info: AGT[10147] Client request(Read complete: 1 
Thursday, October 29, 2015 15:22:26 - warn: Input stream closed.
Thursday, October 29, 2015 15:22:26 - warn: AGT[10147] Client API connection disconnected without being closed.
Thursday, October 29, 2015 15:22:27 - info: AGT[10148] Client request(Read complete: 1 of 0) [2
Thursday, October 29, 2015 15:22:37 - warn: Input stream closed.
Thursday, October 29, 2015 15:22:37 - warn: AGT[10148] Client API connection disconnected without being closed.
Thursday, October 29, 2015 15:22:38 - info: AGT[13910] Client request(Read complete: 1 of 
Thursday, October 29, 2015 15:22:38 - warn: AGT[13910] [211]
Thursday, October 29, 2015 15:22:56 - warn: Input stream closed.
Thursday, October 29, 2015 15:22:56 - warn: AGT[13910] Client API connection disconnected without being closed.
Thursday, October 29, 2015 15:23:07 - info: AGT[10147] Client request(Read complete: 1 of 0) [2
Thursday, October 29, 2015 15:23:12 - info: AGT[10148] Client request(Read complete: 1 of 0) [211]
Thursday, October 29, 2015 15:23:15 - warn: Input stream closed.
Thursday, October 29, 2015 15:23:15 - warn: AGT[10148] Client API connection disconnected without being closed.
Thursday, October 29, 2015 15:23:26 - warn: Input stream closed.
Thursday, October 29, 2015 15:23:26 - warn: AGT[10147] Client API connection disconnected without being closed.
Thursday, October 29, 2015 15:23:33 - info: AGT[13910] Client request(Read comple
Thursday, October 29, 2015 15:24:33 - warn: Input stream closed.
Thursday, October 29, 2015 15:24:33 - warn: AGT[13910] Client API connection disconnected without being closed.
Thursday, October 29, 2015 15:26:04 - info: Broker shutdown complete.
Thursday, October 29, 2015 15:26:12 - info: Starting broker: sports...
Thursday, October 29, 2015 15:26:12 - warn: AGT[17710] Web source path not defined [16]
Thursday, October 29, 2015 15:26:12 - warn: AGT[17711] Web source path not defined [16]
Thursday, October 29, 2015 15:26:12 - info: Broker listening on port 20001 [17701].
Thursday, October 29, 2015 15:26:12 - info: AGT[17710] Agent started(57328) [201]
Thursday, October 29, 2015 15:26:12 - info: AGT[17711] Agent started(37461) [201]
Thursday, October 29, 2015 15:26:37 - info: AGT[17710] Client request(Read complete: 1 of 0) [211]
Thursday, October 29, 2015 15:26:49 - warn: Input stream closed.
Thursday, October 29, 2015 15:26:49 - warn: AGT[17710] Client API connection disconnected without being closed.
Friday, October 30, 2015 19:09:52 - warn: AGT[17711] No request received from the client.
Saturday, October 31, 2015 14:33:19 - info: AGT[17710] Client request
Saturday, October 31, 2015 14:33:25 - info: Pre-start a new agent because of high load.
Saturday, October 31, 2015 14:33:25 - info: AGT[17711] Client request(Read complete: 1 of 0) [211]
Saturday, October 31, 2015 14:33:25 - warn: AGT[4652] Web source path not defined [16]
Saturday, October 31, 2015 14:33:25 - info: AGT[4652] Agent started(36702) [201]
Saturday, October 31, 2015 15:46:16 - warn: Input stream closed.
Saturday, October 31, 2015 15:46:16 - warn: Input stream closed.
Saturday, October 31, 2015 15:46:16 - info: AGT[17710] Agent stoped(57328) [203]
Saturday, October 31, 2015 16:36:16 - info: Start new agent, less than minimum (trim).
Saturday, October 31, 2015 16:36:16 - info: AGT[17711] Agent stoped(37461) [203]
Saturday, October 31, 2015 16:36:16 - warn: Input stream closed.
Saturday, October 31, 2015 16:36:16 - warn: Input stream closed.
Saturday, October 31, 2015 16:36:16 - warn: AGT[28411] Web source path not defined [16]
Saturday, October 31, 2015 16:36:16 - info: AGT[28411] Agent started(54531) [201]
Sunday, November 01, 2015 08:51:29 - info: AGT[4652] Client request(Read complete: 1 of 0) [211]
Sunday, November 01, 2015 08:54:17 - warn: Input stream closed.
Sunday, November 01, 2015 08:54:17 - warn: AGT[4652] Client API connection disconnected without being closed.
Sunday, November 01, 2015 09:06:15 - info: AGT[28411] Client request(Read complete: 1 of 0) [211]
Sunday, November 01, 2015 09:07:38 - warn: Input stream closed.
Sunday, November 01, 2015 09:07:38 - warn: AGT[28411] Client API connection disconnected without being closed.
Monday, November 02, 2015 17:47:23 - info: AGT[4652] Client request(Read complete: 1 of 0) [211]
Monday, November 02, 2015 17:47:45 - warn: Input stream closed.
Monday, November 02, 2015 17:47:45 - warn: AGT[4652] Client API connection disconnected without being closed.
Monday, November 02, 2015 21:45:29 - info: AGT[28411] Client
Monday, November 02, 2015 21:49:01 - warn: Input stream closed.
Monday, November 02, 2015 21:49:01 - warn: AGT[28411] Client API connection disconnected without being closed.
Monday, November 02, 2015 21:50:10 - info: AGT[4652] Client request(Read complete: 1 of 0) [211]
Monday, November 02, 2015 21:51:01 - warn: Input stream closed.
Monday, November 02, 2015 21:51:01 - warn: AGT[4652] Client API connection disconnected without being closed.
Monday, November 02, 2015 21:51:20 - info: AGT[28411] Client request(Read complete: 1 of 0) [211]
Monday, November 02, 2015 21:52:11 - warn: Input stream closed.
Monday, November 02, 2015 21:52:11 - warn: AGT[28411] Client API connection disconnected without being closed.
Monday, November 02, 2015 21:59:05 - info: AGT[4652] Client request(Read complete: 1 of 0) [211]
Monday, November 02, 2015 22:00:14 - info: Pre-start a new agent because of high load.
Monday, November 02, 2015 22:00:14 - info: AGT[28411] Client request(Read complete: 1 of 0) [211]
Monday, November 02, 2015 22:00:14 - warn: AGT[3354] Web source path not defined [16]
Monday, November 02, 2015 22:00:14 - info: AGT[3354] Agent started(33831) [201]
Monday, November 02, 2015 22:01:12 - warn: Input stream closed.
Monday, November 02, 2015 22:01:12 - warn: AGT[28411] Client API connection disconnected without being closed.
Monday, November 02, 2015 22:01:12 - warn: Input stream closed.
Monday, November 02, 2015 22:01:12 - warn: AGT[4652] Client API connection disconnected without being closed.
Monday, November 02, 2015 22:07:57 - info: AGT[3354] Client reque
Monday, November 02, 2015 22:10:12 - info: AGT[28411] Client request(Read complete: 1 of 0) [
Monday, November 02, 2015 22:10:27 - info: Pre-start a new agent because of high load.
Monday, November 02, 2015 22:10:27 - info: AGT[4652] Client request(Read comp
Monday, November 02, 2015 22:10:27 - warn: AGT[5744] Web source path not defined [16]
Monday, November 02, 2015 22:10:27 - info: AGT[5744] Agent started(45935) [201]
Monday, November 02, 2015 22:38:46 - warn: Input stream closed.
Monday, November 02, 2015 22:38:46 - warn: AGT[28411] Client API connection disconnected without being closed.
Monday, November 02, 2015 22:38:46 - warn: Input stream closed.
Monday, November 02, 2015 22:38:46 - warn: AGT[3354] Client API connection disconnected without being closed.
Monday, November 02, 2015 22:38:46 - warn: Input stream closed.
Monday, November 02, 2015 22:38:46 - warn: AGT[4652] Client API connection disconnected without being closed.
Monday, November 02, 2015 22:46:22 - info: Trim one agent because of low load.
Monday, November 02, 2015 22:46:22 - warn: Input stream closed.
Monday, November 02, 2015 22:46:22 - info: AGT[5744] Agent stoped(45935) [203]
Monday, November 02, 2015 23:36:22 - info: Trim one agent because of low load.
Monday, November 02, 2015 23:36:22 - warn: Input stream closed.
Monday, November 02, 2015 23:36:22 - info: AGT[28411] Agent stoped(54531) [203]
Tuesday, November 03, 2015 12:38:07 - info: AGT[3354] Client request(Read complete: 1 of 0) [211]
Tuesday, November 03, 2015 12:38:09 - info: Pre-start a new agent because of high load.
Tuesday, November 03, 2015 12:38:09 - info: AGT[4652] Client request(Read complete: 1 of 0) [211]
Tuesday, November 03, 2015 12:38:09 - warn: AGT[19508] Web source path 
Tuesday, November 03, 2015 12:38:09 - info: AGT[19508] Agent started(606
Tuesday, November 03, 2015 12:38:13 - info: Pre-start a new agent because of high load.
Tuesday, November 03, 2015 12:38:13 - info: AGT[19508] Client request(Read complete: 1 of 0) [
Tuesday, November 03, 2015 12:38:13 - warn: AGT[19511] Web source path not defined [16]
Tuesday, November 03, 2015 12:38:13 - info: AGT[19511] Agent started(43756) [201]
Tuesday, November 03, 2015 12:38:14 - info: Pre-start a new agent because of high load.
Tuesday, November 03, 2015 12:38:14 - info: AGT[19511] Client request(Read complete: 1 of 0) [211]
Tuesday, November 03, 2015 12:38:14 - warn: AGT[19512] Web source path not defined [16]
Tuesday, November 03, 2015 12:38:14 - info: AGT[19512] Agent started(53573) [201]
Tuesday, November 03, 2015 13:46:24 - warn: Input stream closed.
Tuesday, November 03, 2015 13:46:24 - warn: Input stream closed.
Tuesday, November 03, 2015 13:46:24 - warn: Input stream closed.
Tuesday, November 03, 2015 13:46:24 - warn: Input stream closed.
Tuesday, November 03, 2015 13:46:24 - info: AGT[3354] Agent stoped(33831) [203]
Tuesday, November 03, 2015 13:46:24 - info: AGT[19508] Agent stoped(60649) [203]
Tuesday, November 03, 2015 14:36:24 - warn: Input stream closed.
Tuesday, November 03, 2015 14:36:24 - warn: Input stream closed.
Tuesday, November 03, 2015 14:36:24 - info: AGT[4652] Agent stoped(36702) [203]
Tuesday, November 03, 2015 15:26:24 - info: Start new agent, less than minimum (trim).
Tuesday, November 03, 2015 15:26:24 - info: AGT[19511] Agent stoped(43756) [203]
Tuesday, November 03, 2015 15:26:24 - warn: Input stream closed.
Tuesday, November 03, 2015 15:26:24 - warn: Input stream closed.
Tuesday, November 03, 2015 15:26:24 - warn: AGT[22933] Web source path not defined [16]
Tuesday, November 03, 2015 15:26:24 - info: AGT[22933] Agent started(33071) [201]
Tuesday, November 03, 2015 20:16:51 - info: AGT[19512] Client request(Read complete: 1 of 0) [211]
